{
  "0 debug pnpm:scope": {
    "selected": 1,
    "workspacePrefix": "/home/dacm/Projects/NotGovUK"
  },
  "1 debug pnpm": {
    "isCaseSensitive": true,
    "store": "/home/dacm/.pnpm-store/2"
  },
  "2 error pnpm": {
    "message": {
      "code": "ERR_PNPM_NO_PACKAGE_IN_DEPENDENCIES"
    },
    "err": {
      "name": "Error",
      "message": "None of the specified packages were found in the dependencies.",
      "code": "ERR_PNPM_NO_PACKAGE_IN_DEPENDENCIES",
      "stack": "Error: None of the specified packages were found in the dependencies.\n    at Object.handler [as default] (/home/dacm/.nvm/versions/node/v12.14.0/lib/node_modules/pnpm/lib/node_modules/@pnpm/plugin-commands-installation/lib/installDeps.js:92:19)"
    }
  }
}